TN:
SF:/Users/miadinh/lighthouse/react/scheduler/src/components/Application.js
FN:16,Application
FN:27,(anonymous_1)
FNF:2
FNH:2
FNDA:14,Application
FNDA:18,(anonymous_1)
DA:22,14
DA:24,14
DA:26,14
DA:28,18
DA:41,14
LF:5
LH:5
BRF:0
BRH:0
end_of_record
TN:
SF:/Users/miadinh/lighthouse/react/scheduler/src/components/Button.js
FN:7,Button
FNF:1
FNH:1
FNDA:41,Button
DA:8,41
DA:13,41
LF:2
LH:2
BRF:0
BRH:0
end_of_record
TN:
SF:/Users/miadinh/lighthouse/react/scheduler/src/components/DayList.js
FN:5,DayList
FN:6,(anonymous_1)
FNF:2
FNH:2
FNDA:14,DayList
FNDA:18,(anonymous_1)
DA:6,14
DA:7,18
DA:18,14
LF:3
LH:3
BRF:0
BRH:0
end_of_record
TN:
SF:/Users/miadinh/lighthouse/react/scheduler/src/components/DayListItem.js
FN:6,formatSpots
FN:13,DayListItem
FN:22,(anonymous_2)
FNF:3
FNH:3
FNDA:18,formatSpots
FNDA:18,DayListItem
FNDA:1,(anonymous_2)
DA:7,18
DA:8,17
DA:10,1
DA:14,18
DA:19,18
DA:22,1
LF:6
LH:6
BRDA:7,0,0,1
BRDA:7,0,1,17
BRDA:8,1,0,16
BRDA:8,1,1,1
BRF:4
BRH:4
end_of_record
TN:
SF:/Users/miadinh/lighthouse/react/scheduler/src/components/InterviewerList.js
FN:8,InterviewerList
FN:9,(anonymous_1)
FN:17,(anonymous_2)
FNF:3
FNH:3
FNDA:19,InterviewerList
FNDA:24,(anonymous_1)
FNDA:1,(anonymous_2)
DA:9,19
DA:10,24
DA:17,1
DA:22,19
DA:30,3
LF:5
LH:5
BRF:0
BRH:0
end_of_record
TN:
SF:/Users/miadinh/lighthouse/react/scheduler/src/components/InterviewerListItem.js
FN:6,InterviewerItem
FNF:1
FNH:1
FNDA:24,InterviewerItem
DA:7,24
DA:11,24
LF:2
LH:2
BRDA:18,0,0,24
BRDA:18,0,1,7
BRF:2
BRH:2
end_of_record
TN:
SF:/Users/miadinh/lighthouse/react/scheduler/src/components/Appointment/Confirm.js
FN:5,Confirm
FNF:1
FNH:1
FNDA:1,Confirm
DA:6,1
LF:1
LH:1
BRF:0
BRH:0
end_of_record
TN:
SF:/Users/miadinh/lighthouse/react/scheduler/src/components/Appointment/Empty.js
FN:3,Empty
FNF:1
FNH:1
FNDA:23,Empty
DA:4,23
LF:1
LH:1
BRF:0
BRH:0
end_of_record
TN:
SF:/Users/miadinh/lighthouse/react/scheduler/src/components/Appointment/Error.js
FN:3,Error
FNF:1
FNH:0
FNDA:0,Error
DA:4,0
LF:1
LH:0
BRF:0
BRH:0
end_of_record
TN:
SF:/Users/miadinh/lighthouse/react/scheduler/src/components/Appointment/Form.js
FN:6,Form
FN:11,reset
FN:17,cancel
FN:22,validate
FN:40,(anonymous_4)
FN:47,(anonymous_5)
FNF:6
FNH:5
FNDA:19,Form
FNDA:1,reset
FNDA:1,cancel
FNDA:7,validate
FNDA:0,(anonymous_4)
FNDA:4,(anonymous_5)
DA:7,19
DA:8,19
DA:9,19
DA:12,1
DA:13,1
DA:14,1
DA:18,1
DA:19,1
DA:23,7
DA:24,2
DA:25,2
DA:28,5
DA:29,2
DA:30,2
DA:33,3
DA:34,3
DA:37,19
DA:40,0
DA:48,4
LF:19
LH:18
BRDA:7,0,0,19
BRDA:7,0,1,10
BRDA:8,1,0,19
BRDA:8,1,1,13
BRDA:23,2,0,2
BRDA:23,2,1,5
BRDA:28,3,0,2
BRDA:28,3,1,3
BRF:8
BRH:8
end_of_record
TN:
SF:/Users/miadinh/lighthouse/react/scheduler/src/components/Appointment/Header.js
FN:3,Header
FNF:1
FNH:1
FNDA:44,Header
DA:4,44
LF:1
LH:1
BRF:0
BRH:0
end_of_record
TN:
SF:/Users/miadinh/lighthouse/react/scheduler/src/components/Appointment/Show.js
FN:3,Show
FNF:1
FNH:1
FNDA:9,Show
DA:4,9
LF:1
LH:1
BRDA:11,0,0,9
BRDA:11,0,1,9
BRF:2
BRH:2
end_of_record
TN:
SF:/Users/miadinh/lighthouse/react/scheduler/src/components/Appointment/Status.js
FN:3,Status
FNF:1
FNH:1
FNDA:9,Status
DA:4,9
LF:1
LH:1
BRF:0
BRH:0
end_of_record
TN:
SF:/Users/miadinh/lighthouse/react/scheduler/src/components/Appointment/index.js
FN:18,Appointment
FN:32,save
FN:42,(anonymous_2)
FN:43,(anonymous_3)
FN:46,destroy
FN:50,(anonymous_5)
FN:51,(anonymous_6)
FN:58,(anonymous_7)
FN:63,(anonymous_8)
FN:64,(anonymous_9)
FN:69,(anonymous_10)
FNF:11
FNH:8
FNDA:44,Appointment
FNDA:2,save
FNDA:2,(anonymous_2)
FNDA:0,(anonymous_3)
FNDA:1,destroy
FNDA:1,(anonymous_5)
FNDA:0,(anonymous_6)
FNDA:1,(anonymous_7)
FNDA:1,(anonymous_8)
FNDA:1,(anonymous_9)
FNDA:0,(anonymous_10)
DA:19,44
DA:20,44
DA:21,44
DA:22,44
DA:23,44
DA:24,44
DA:25,44
DA:26,44
DA:27,44
DA:29,44
DA:30,44
DA:33,2
DA:38,2
DA:40,2
DA:42,2
DA:43,0
DA:47,1
DA:48,1
DA:50,1
DA:51,0
DA:54,44
DA:58,1
DA:63,1
DA:64,1
DA:69,0
LF:25
LH:22
BRDA:29,0,0,17
BRDA:29,0,1,27
BRDA:58,1,0,44
BRDA:58,1,1,23
BRDA:59,2,0,44
BRDA:59,2,1,9
BRDA:67,3,0,44
BRDA:67,3,1,1
BRDA:73,4,0,44
BRDA:73,4,1,1
BRDA:82,5,0,44
BRDA:82,5,1,6
BRDA:83,6,0,44
BRDA:83,6,1,3
BRDA:84,7,0,44
BRDA:84,7,1,1
BRDA:91,8,0,44
BRDA:91,8,1,0
BRDA:94,9,0,44
BRDA:94,9,1,0
BRF:20
BRH:18
end_of_record
TN:
SF:/Users/miadinh/lighthouse/react/scheduler/src/helpers/selectors.js
FN:1,getAppointmentsForDay
FN:2,(anonymous_1)
FN:6,(anonymous_2)
FN:9,getInterviewersForDay
FN:10,(anonymous_4)
FN:14,(anonymous_5)
FN:17,getInterview
FNF:7
FNH:7
FNDA:19,getAppointmentsForDay
FNDA:16,(anonymous_1)
FNDA:26,(anonymous_2)
FNDA:19,getInterviewersForDay
FNDA:16,(anonymous_4)
FNDA:24,(anonymous_5)
FNDA:20,getInterview
DA:2,19
DA:4,19
DA:6,26
DA:10,19
DA:12,19
DA:14,24
DA:18,20
LF:7
LH:7
BRDA:4,0,0,7
BRDA:4,0,1,12
BRDA:4,1,0,19
BRDA:4,1,1,13
BRDA:12,2,0,7
BRDA:12,2,1,12
BRDA:12,3,0,19
BRDA:12,3,1,13
BRDA:19,4,0,20
BRDA:19,4,1,10
BRF:10
BRH:10
end_of_record
TN:
SF:/Users/miadinh/lighthouse/react/scheduler/src/hooks/useApplicationData.js
FN:13,useApplicationData
FN:21,(anonymous_1)
FN:23,(anonymous_2)
FN:29,(anonymous_3)
FN:41,bookInterview
FN:42,(anonymous_5)
FN:51,cancelInterview
FN:52,(anonymous_7)
FNF:8
FNH:8
FNDA:14,useApplicationData
FNDA:1,(anonymous_1)
FNDA:5,(anonymous_2)
FNDA:5,(anonymous_3)
FNDA:2,bookInterview
FNDA:2,(anonymous_5)
FNDA:1,cancelInterview
FNDA:1,(anonymous_7)
DA:14,14
DA:21,14
DA:23,14
DA:24,5
DA:30,5
DA:39,14
DA:42,2
DA:43,2
DA:52,1
DA:53,1
DA:61,14
LF:11
LH:11
BRF:0
BRH:0
end_of_record
TN:
SF:/Users/miadinh/lighthouse/react/scheduler/src/hooks/useRealtimeUpdate.js
FN:4,useRealtimeUpdate
FN:5,(anonymous_1)
FN:8,(anonymous_2)
FN:16,(anonymous_3)
FNF:4
FNH:3
FNDA:14,useRealtimeUpdate
FNDA:5,(anonymous_1)
FNDA:0,(anonymous_2)
FNDA:5,(anonymous_3)
DA:5,14
DA:6,5
DA:8,5
DA:9,0
DA:11,0
DA:12,0
DA:16,5
DA:17,5
LF:8
LH:5
BRDA:11,0,0,0
BRDA:11,0,1,0
BRDA:11,1,0,0
BRDA:11,1,1,0
BRF:4
BRH:0
end_of_record
TN:
SF:/Users/miadinh/lighthouse/react/scheduler/src/hooks/useVisualMode.js
FN:3,(anonymous_0)
FN:7,transition
FN:10,(anonymous_2)
FN:13,(anonymous_3)
FN:16,back
FN:18,(anonymous_5)
FNF:6
FNH:6
FNDA:57,(anonymous_0)
FNDA:14,transition
FNDA:2,(anonymous_2)
FNDA:12,(anonymous_3)
FNDA:4,back
FNDA:3,(anonymous_5)
DA:3,3
DA:4,57
DA:5,57
DA:8,14
DA:9,2
DA:10,2
DA:12,12
DA:13,12
DA:17,4
DA:18,3
DA:19,3
DA:23,57
LF:12
LH:12
BRDA:7,0,0,12
BRDA:8,1,0,2
BRDA:8,1,1,12
BRDA:17,2,0,3
BRDA:17,2,1,1
BRF:5
BRH:5
end_of_record
TN:
SF:/Users/miadinh/lighthouse/react/scheduler/src/reducers/application.js
FN:5,reducer
FN:27,(anonymous_1)
FN:30,(anonymous_2)
FN:34,(anonymous_3)
FNF:4
FNH:4
FNDA:10,reducer
FNDA:3,(anonymous_1)
FNDA:6,(anonymous_2)
FNDA:6,(anonymous_3)
DA:1,3
DA:2,3
DA:3,3
DA:6,10
DA:8,1
DA:10,5
DA:17,3
DA:22,3
DA:27,3
DA:28,3
DA:30,6
DA:34,3
DA:35,6
DA:43,3
DA:50,1
LF:15
LH:15
BRDA:6,0,0,1
BRDA:6,0,1,5
BRDA:6,0,2,3
BRDA:6,0,3,1
BRDA:19,1,0,3
BRDA:19,1,1,2
BRDA:30,2,0,3
BRDA:30,2,1,3
BRDA:35,3,0,3
BRDA:35,3,1,3
BRF:10
BRH:10
end_of_record
